\BOOKMARK [0][]{chapter.1}{\376\377\000I\000n\000t\000r\000o\000d\000u\000c\000t\000i\000o\000n}{}% 1
\BOOKMARK [1][]{section.1.1}{\376\377\000B\000a\000c\000k\000g\000r\000o\000u\000n\000d}{chapter.1}% 2
\BOOKMARK [1][]{section.1.2}{\376\377\000M\000o\000t\000i\000v\000a\000t\000i\000o\000n}{chapter.1}% 3
\BOOKMARK [0][]{chapter.2}{\376\377\000S\000t\000a\000t\000e\000\040\000o\000f\000\040\000t\000h\000e\000\040\000a\000r\000t}{}% 4
\BOOKMARK [1][]{section.2.1}{\376\377\000S\000t\000a\000n\000d\000a\000l\000o\000n\000e\000\040\000C\000h\000a\000p\000t\000e\000r\000\040\000o\000r\000\040\000b\000e\000t\000t\000e\000r\000\040\000a\000s\000\040\000p\000a\000r\000t\000\040\000o\000f\000\040\000t\000h\000e\000\040\000i\000n\000t\000r\000o\000d\000u\000c\000t\000i\000o\000n\000?}{chapter.2}% 5
\BOOKMARK [0][]{chapter.3}{\376\377\000M\000e\000t\000h\000o\000d\000s}{}% 6
\BOOKMARK [1][]{section.3.1}{\376\377\000D\000a\000t\000a\000s\000e\000t}{chapter.3}% 7
\BOOKMARK [2][]{subsection.3.1.1}{\376\377\000S\000i\000g\000n\000a\000l\000s}{section.3.1}% 8
\BOOKMARK [2][]{subsection.3.1.2}{\376\377\000L\000o\000g\000s}{section.3.1}% 9
\BOOKMARK [2][]{subsection.3.1.3}{\376\377\000F\000a\000i\000l\000u\000r\000e\000s}{section.3.1}% 10
\BOOKMARK [1][]{section.3.2}{\376\377\000M\000a\000c\000h\000i\000n\000e\000\040\000l\000e\000a\000r\000n\000i\000n\000g\000\040\000m\000o\000d\000e\000l\000s}{chapter.3}% 11
\BOOKMARK [2][]{subsection.3.2.1}{\376\377\000L\000i\000n\000e\000a\000r\000\040\000r\000e\000g\000r\000e\000s\000s\000i\000o\000n}{section.3.2}% 12
\BOOKMARK [2][]{subsection.3.2.2}{\376\377\000D\000e\000e\000p\000\040\000l\000e\000a\000r\000n\000i\000n\000g}{section.3.2}% 13
\BOOKMARK [1][]{section.3.3}{\376\377\000L\000o\000g\000\040\000a\000n\000a\000l\000y\000s\000i\000s}{chapter.3}% 14
\BOOKMARK [2][]{subsection.3.3.1}{\376\377\000E\000x\000t\000r\000a\000c\000t\000i\000n\000g\000\040\000i\000n\000p\000u\000t\000\040\000f\000e\000a\000t\000u\000r\000e\000s}{section.3.3}% 15
\BOOKMARK [2][]{subsection.3.3.2}{\376\377\000D\000a\000t\000a\000\040\000f\000i\000l\000t\000e\000r\000i\000n\000g}{section.3.3}% 16
\BOOKMARK [2][]{subsection.3.3.3}{\376\377\000V\000i\000s\000u\000a\000l\000i\000z\000a\000t\000i\000o\000n\000\040\000o\000f\000\040\000w\000a\000r\000n\000i\000n\000g\000s}{section.3.3}% 17
\BOOKMARK [1][]{section.3.4}{\376\377\000A\000n\000o\000m\000a\000l\000y\000\040\000d\000e\000t\000e\000c\000t\000i\000o\000n}{chapter.3}% 18
\BOOKMARK [2][]{subsection.3.4.1}{\376\377\000A\000l\000a\000r\000m\000s}{section.3.4}% 19
\BOOKMARK [1][]{section.3.5}{\376\377\000S\000u\000m\000m\000a\000r\000y}{chapter.3}% 20
\BOOKMARK [0][]{chapter.4}{\376\377\000E\000x\000p\000e\000r\000i\000m\000e\000n\000t\000s}{}% 21
\BOOKMARK [1][]{section.4.1}{\376\377\000E\000x\000p\000e\000r\000i\000m\000e\000n\000t\000\040\000I\000:\000\040\000B\000e\000n\000c\000h\000m\000a\000r\000k}{chapter.4}% 22
\BOOKMARK [2][]{subsection.4.1.1}{\376\377\000R\000e\000s\000e\000a\000r\000c\000h\000\040\000q\000u\000e\000s\000t\000i\000o\000n}{section.4.1}% 23
\BOOKMARK [2][]{subsection.4.1.2}{\376\377\000S\000e\000t\000u\000p}{section.4.1}% 24
\BOOKMARK [2][]{subsection.4.1.3}{\376\377\000R\000e\000s\000u\000l\000t\000s}{section.4.1}% 25
\BOOKMARK [1][]{section.4.2}{\376\377\000E\000x\000p\000e\000r\000i\000m\000e\000n\000t\000\040\000I\000I\000:\000\040\000I\000n\000c\000o\000r\000p\000o\000r\000a\000t\000i\000n\000g\000\040\000l\000o\000g\000\040\000f\000e\000a\000t\000u\000r\000e\000s\000\040\000i\000n\000t\000o\000\040\000N\000B\000M\000\040\000a\000p\000p\000l\000i\000e\000d\000\040\000o\000n\000\040\000h\000e\000a\000l\000t\000h\000y\000\040\000t\000u\000r\000b\000i\000n\000e}{chapter.4}% 26
\BOOKMARK [2][]{subsection.4.2.1}{\376\377\000R\000e\000s\000e\000a\000r\000c\000h\000\040\000q\000u\000e\000s\000t\000i\000o\000n}{section.4.2}% 27
\BOOKMARK [2][]{subsection.4.2.2}{\376\377\000S\000e\000t\000u\000p}{section.4.2}% 28
\BOOKMARK [2][]{subsection.4.2.3}{\376\377\000R\000e\000s\000u\000l\000t\000s}{section.4.2}% 29
\BOOKMARK [0][]{chapter.5}{\376\377\000C\000o\000n\000c\000l\000u\000s\000i\000o\000n\000s}{}% 30
\BOOKMARK [0][]{appendix.A}{\376\377\000A\000p\000p\000e\000n\000d\000i\000x\000\040\000I}{}% 31
\BOOKMARK [0][]{appendix*.2}{\376\377\000B\000i\000b\000l\000i\000o\000g\000r\000a\000p\000h\000y}{}% 32
