This is pdfTeX, Version 3.141592653-2.6-1.40.24 (TeX Live 2022) (preloaded format=pdflatex 2023.3.8)  18 APR 2023 06:37
entering extended mode
 restricted \write18 enabled.
 file:line:error style messages enabled.
 %&-line parsing enabled.
**/Users/backupuser/MA_Draft/Thesis.tex
(/Users/backupuser/MA_Draft/Thesis.tex
LaTeX2e <2021-11-15> patch level 1
L3 programming layer <2022-02-24> (./ThesisStyle.cls
Document Class: ThesisStyle 2004/02/16 v1.4f Standard LaTeX document class
(/usr/local/texlive/2022/texmf-dist/tex/latex/base/bk11.clo
File: bk11.clo 2021/10/04 v1.4n Standard LaTeX file (size option)
)
\c@part=\count185
\c@chapter=\count186
\c@section=\count187
\c@subsection=\count188
\c@subsubsection=\count189
\c@paragraph=\count190
\c@subparagraph=\count191
\c@figure=\count192
\c@table=\count193
\abovecaptionskip=\skip47
\belowcaptionskip=\skip48
\bibindent=\dimen138
)

LaTeX Warning: \include should only be used after \begin{document} on input line 3.

(./formatAndDefs.tex (/usr/local/texlive/2022/texmf-dist/tex/latex/tools/array.sty
Package: array 2021/10/04 v2.5f Tabular extension package (FMi)
\col@sep=\dimen139
\ar@mcellbox=\box50
\extrarowheight=\dimen140
\NC@list=\toks16
\extratabsurround=\skip49
\backup@length=\skip50
\ar@cellbox=\box51
) (/usr/local/texlive/2022/texmf-dist/tex/latex/was/gensymb.sty
Package: gensymb 2003/07/02 v1.0 (WaS)
) (/usr/local/texlive/2022/texmf-dist/tex/latex/amsmath/amsmath.sty
Package: amsmath 2021/10/15 v2.17l AMS math features
\@mathmargin=\skip51

For additional information on amsmath, use the `?' option.
(/usr/local/texlive/2022/texmf-dist/tex/latex/amsmath/amstext.sty
Package: amstext 2021/08/26 v2.01 AMS text
 (/usr/local/texlive/2022/texmf-dist/tex/latex/amsmath/amsgen.sty
File: amsgen.sty 1999/11/30 v2.0 generic functions
\@emptytoks=\toks17
\ex@=\dimen141
)) (/usr/local/texlive/2022/texmf-dist/tex/latex/amsmath/amsbsy.sty
Package: amsbsy 1999/11/29 v1.2d Bold Symbols
\pmbraise@=\dimen142
) (/usr/local/texlive/2022/texmf-dist/tex/latex/amsmath/amsopn.sty
Package: amsopn 2021/08/26 v2.02 operator names
)
\inf@bad=\count194
LaTeX Info: Redefining \frac on input line 234.
\uproot@=\count195
\leftroot@=\count196
LaTeX Info: Redefining \overline on input line 399.
\classnum@=\count197
\DOTSCASE@=\count198
LaTeX Info: Redefining \ldots on input line 496.
LaTeX Info: Redefining \dots on input line 499.
LaTeX Info: Redefining \cdots on input line 620.
\Mathstrutbox@=\box52
\strutbox@=\box53
\big@size=\dimen143
LaTeX Font Info:    Redeclaring font encoding OML on input line 743.
LaTeX Font Info:    Redeclaring font encoding OMS on input line 744.
\macc@depth=\count199
\c@MaxMatrixCols=\count266
\dotsspace@=\muskip16
\c@parentequation=\count267
\dspbrk@lvl=\count268
\tag@help=\toks18
\row@=\count269
\column@=\count270
\maxfields@=\count271
\andhelp@=\toks19
\eqnshift@=\dimen144
\alignsep@=\dimen145
\tagshift@=\dimen146
\tagwidth@=\dimen147
\totwidth@=\dimen148
\lineht@=\dimen149
\@envbody=\toks20
\multlinegap=\skip52
\multlinetaggap=\skip53
\mathdisplay@stack=\toks21
LaTeX Info: Redefining \[ on input line 2938.
LaTeX Info: Redefining \] on input line 2939.
) (/usr/local/texlive/2022/texmf-dist/tex/latex/amsfonts/amssymb.sty
Package: amssymb 2013/01/14 v3.01 AMS font symbols
 (/usr/local/texlive/2022/texmf-dist/tex/latex/amsfonts/amsfonts.sty
Package: amsfonts 2013/01/14 v3.01 Basic AMSFonts support
\symAMSa=\mathgroup4
\symAMSb=\mathgroup5
LaTeX Font Info:    Redeclaring math symbol \hbar on input line 98.
LaTeX Font Info:    Overwriting math alphabet `\mathfrak' in version `bold'
(Font)                  U/euf/m/n --> U/euf/b/n on input line 106.
)) (/usr/local/texlive/2022/texmf-dist/tex/latex/base/fontenc.sty
Package: fontenc 2021/04/29 v2.0v Standard LaTeX package
) (/usr/local/texlive/2022/texmf-dist/tex/latex/base/inputenc.sty
Package: inputenc 2021/02/14 v1.3d Input encoding file
\inpenc@prehook=\toks22
\inpenc@posthook=\toks23
) (/usr/local/texlive/2022/texmf-dist/tex/generic/babel/babel.sty
Package: babel 2022/02/26 3.73 The Babel package
\babel@savecnt=\count272
\U@D=\dimen150
\l@unhyphenated=\language87
 (/usr/local/texlive/2022/texmf-dist/tex/generic/babel/txtbabel.def)
\bbl@readstream=\read2
\bbl@dirlevel=\count273
 (/usr/local/texlive/2022/texmf-dist/tex/generic/babel-english/english.ldf
Language: english 2017/06/06 v3.3r English support from the babel system
Package babel Info: Hyphen rules for 'canadian' set to \l@english
(babel)             (\language0). Reported on input line 102.
Package babel Info: Hyphen rules for 'australian' set to \l@ukenglish
(babel)             (\language21). Reported on input line 105.
Package babel Info: Hyphen rules for 'newzealand' set to \l@ukenglish
(babel)             (\language21). Reported on input line 108.
)) (/usr/local/texlive/2022/texmf-dist/tex/latex/geometry/geometry.sty
Package: geometry 2020/01/02 v5.9 Page Geometry
 (/usr/local/texlive/2022/texmf-dist/tex/latex/graphics/keyval.sty
Package: keyval 2014/10/28 v1.15 key=value parser (DPC)
\KV@toks@=\toks24
) (/usr/local/texlive/2022/texmf-dist/tex/generic/iftex/ifvtex.sty
Package: ifvtex 2019/10/25 v1.7 ifvtex legacy package. Use iftex instead.
 (/usr/local/texlive/2022/texmf-dist/tex/generic/iftex/iftex.sty
Package: iftex 2022/02/03 v1.0f TeX engine tests
))
\Gm@cnth=\count274
\Gm@cntv=\count275
\c@Gm@tempcnt=\count276
\Gm@bindingoffset=\dimen151
\Gm@wd@mp=\dimen152
\Gm@odd@mp=\dimen153
\Gm@even@mp=\dimen154
\Gm@layoutwidth=\dimen155
\Gm@layoutheight=\dimen156
\Gm@layouthoffset=\dimen157
\Gm@layoutvoffset=\dimen158
\Gm@dimlist=\toks25
) (/usr/local/texlive/2022/texmf-dist/tex/latex/silence/silence.sty
Package: silence 2012/07/02 v1.5b Selective filtering of warnings and error messages
\sl@Save=\count277
\sl@StateNumber=\count278
\sl@MessageCount=\count279
\sl@Casualties=\count280
\sl@Filter=\toks26
\sl@Message=\toks27
\sl@UnexpandedMessage=\toks28
\sl@Mess@ge=\toks29
\sl@WarningCount=\count281
\sl@WarningNumber=\count282
\sl@WarningCasualties=\count283
\sl@TempBOW=\toks30
\sl@BankOfWarnings=\toks31
LaTeX Info: Redefining \GenericWarning on input line 433.
\sl@ErrorCount=\count284
\sl@ErrorNumber=\count285
\sl@ErrorCasualties=\count286
\sl@TempBOE=\toks32
\sl@BankOfErrors=\toks33
LaTeX Info: Redefining \GenericError on input line 601.
) (/usr/local/texlive/2022/texmf-dist/tex/latex/ae/aecompl.sty
Package: aecompl 1998/07/23 0.9 T1 Complements for AE fonts (D. Roegel)
) (/usr/local/texlive/2022/texmf-dist/tex/latex/url/url.sty
\Urlmuskip=\muskip17
Package: url 2013/09/16  ver 3.4  Verb mode for urls, etc.
) (/usr/local/texlive/2022/texmf-dist/tex/latex/acronym/acronym.sty
Package: acronym 2020/04/17 v1.47 Support for acronyms (Tobias Oetiker)
 (/usr/local/texlive/2022/texmf-dist/tex/latex/bigfoot/suffix.sty
Package: suffix 2006/07/15 1.5a Variant command support
) (/usr/local/texlive/2022/texmf-dist/tex/generic/xstring/xstring.sty (/usr/local/texlive/2022/texmf-dist/tex/generic/xstring/xstring.tex
\integerpart=\count287
\decimalpart=\count288
)
Package: xstring 2021/07/21 v1.84 String manipulations (CT)
)
\AC@clearlist=\toks34
) (/usr/local/texlive/2022/texmf-dist/tex/generic/iftex/ifpdf.sty
Package: ifpdf 2019/10/25 v3.4 ifpdf legacy package. Use iftex instead.
) (/usr/local/texlive/2022/texmf-dist/tex/latex/graphics/graphicx.sty
Package: graphicx 2021/09/16 v1.2d Enhanced LaTeX Graphics (DPC,SPQR)
 (/usr/local/texlive/2022/texmf-dist/tex/latex/graphics/graphics.sty
Package: graphics 2021/03/04 v1.4d Standard LaTeX Graphics (DPC,SPQR)
 (/usr/local/texlive/2022/texmf-dist/tex/latex/graphics/trig.sty
Package: trig 2021/08/11 v1.11 sin cos tan (DPC)
) (/usr/local/texlive/2022/texmf-dist/tex/latex/graphics-cfg/graphics.cfg
File: graphics.cfg 2016/06/04 v1.11 sample graphics configuration
)
Package graphics Info: Driver file: pdftex.def on input line 107.
 (/usr/local/texlive/2022/texmf-dist/tex/latex/graphics-def/pdftex.def
File: pdftex.def 2020/10/05 v1.2a Graphics/color driver for pdftex
))
\Gin@req@height=\dimen159
\Gin@req@width=\dimen160
) (/usr/local/texlive/2022/texmf-dist/tex/latex/graphics/color.sty
Package: color 2021/12/07 v1.3c Standard LaTeX Color (DPC)
 (/usr/local/texlive/2022/texmf-dist/tex/latex/graphics-cfg/color.cfg
File: color.cfg 2016/01/02 v1.6 sample color configuration
)
Package color Info: Driver file: pdftex.def on input line 149.
) (/usr/local/texlive/2022/texmf-dist/tex/latex/tocbibind/tocbibind.sty
Package: tocbibind 2010/10/13 v1.5k extra ToC listings
Package tocbibind Info: The document has chapter divisions on input line 50.


Package tocbibind Note: Using chapter style headings, unless overridden.

) (/usr/local/texlive/2022/texmf-dist/tex/latex/minitoc/minitoc.sty
Package: minitoc 2018/07/12 v62 Package minitoc
 (/usr/local/texlive/2022/texmf-dist/tex/latex/minitoc/mtcmess.sty
Package: mtcmess 2006/03/14
)
Package minitoc Info: I0001
(minitoc)             *** minitoc package, version 62 ***.
\tf@mtc=\write3
\mtcindent=\skip54
\mtcskipamount=\skip55
Package minitoc Info: I0005
(minitoc)             compatible with hyperref.
Package minitoc Info: I0023
(minitoc)             part level macros available.
Package minitoc Info: I0003
(minitoc)             chapter level macros available.
\mtc@toks=\toks35
\mtc@strutbox=\box54
\mtc@hstrutbox=\box55
Package minitoc Info: I0002
(minitoc)             Autoconfiguration of extensions.
\openout3 = `Thesis.mtc0'.

\openout3 = `Thesis.mtc'.

 (./Thesis.mtc0)
Package minitoc Info: I0012
(minitoc)             Long extensions (Unix-like) will be used.
Package minitoc Info: I0031
(minitoc)             ==> this version is configured for UNIX-like 
(minitoc)                 (long extensions) file names.
\openout3 = `Thesis.mtc'.

\openout3 = `Thesis.mtc0'.

\c@mtc=\count289
\c@minitocdepth=\count290
\c@ptc=\count291
\c@parttocdepth=\count292
\ptcindent=\skip56
Package minitoc Info: I0010
(minitoc)             The english language is selected.
(minitoc)              on input line 4910.
 (/usr/local/texlive/2022/texmf-dist/tex/latex/minitoc/english.mld
File: english.mld 2006/01/13
) (/usr/local/texlive/2022/texmf-dist/tex/latex/minitoc/english.mld
File: english.mld 2006/01/13
)) (/usr/local/texlive/2022/texmf-dist/tex/latex/graphics/rotating.sty
Package: rotating 2016/08/11 v2.16d rotated objects in LaTeX
 (/usr/local/texlive/2022/texmf-dist/tex/latex/base/ifthen.sty
Package: ifthen 2020/11/24 v1.1c Standard LaTeX ifthen package (DPC)
)
\c@r@tfl@t=\count293
\rotFPtop=\skip57
\rotFPbot=\skip58
\rot@float@box=\box56
\rot@mess@toks=\toks36
) (/usr/local/texlive/2022/texmf-dist/tex/latex/fancyhdr/fancyhdr.sty
Package: fancyhdr 2021/01/28 v4.0.1 Extensive control of page headers and footers
\f@nch@headwidth=\skip59
\f@nch@O@elh=\skip60
\f@nch@O@erh=\skip61
\f@nch@O@olh=\skip62
\f@nch@O@orh=\skip63
\f@nch@O@elf=\skip64
\f@nch@O@erf=\skip65
\f@nch@O@olf=\skip66
\f@nch@O@orf=\skip67
) (/usr/local/texlive/2022/texmf-dist/tex/latex/colortbl/colortbl.sty
Package: colortbl 2020/01/04 v1.0e Color table columns (DPC)
\everycr=\toks37
\minrowclearance=\skip68
) (./algorithm.sty
Package: algorithm 

Document Style `algorithm' - floating environment
(/usr/local/texlive/2022/texmf-dist/tex/latex/float/float.sty
Package: float 2001/11/08 v1.3d Float enhancements (AL)
\c@float@type=\count294
\float@exts=\toks38
\float@box=\box57
\@float@everytoks=\toks39
\@floatcapt=\box58
)
\@float@every@algorithm=\toks40
\c@algorithm=\count295
) (./algorithmic.sty
Package: algorithmic 

Document Style `algorithmic' - environment
(/usr/local/texlive/2022/texmf-dist/tex/latex/tools/calc.sty
Package: calc 2017/05/25 v4.3 Infix arithmetic (KKT,FJ)
\calc@Acount=\count296
\calc@Bcount=\count297
\calc@Adimen=\dimen161
\calc@Bdimen=\dimen162
\calc@Askip=\skip69
\calc@Bskip=\skip70
LaTeX Info: Redefining \setlength on input line 80.
LaTeX Info: Redefining \addtolength on input line 81.
\calc@Ccount=\count298
\calc@Cskip=\skip71
)
\c@ALC@line=\count299
\c@ALC@rem=\count300
\ALC@tlm=\skip72
) (/usr/local/texlive/2022/texmf-dist/tex/latex/koma-script/scrextend.sty
Package: scrextend 2021/11/13 v3.35 KOMA-Script package (extend other classes with features of KOMA-Script classes)
 (/usr/local/texlive/2022/texmf-dist/tex/latex/koma-script/scrkbase.sty
Package: scrkbase 2021/11/13 v3.35 KOMA-Script package (KOMA-Script-dependent basics and keyval usage)
 (/usr/local/texlive/2022/texmf-dist/tex/latex/koma-script/scrbase.sty
Package: scrbase 2021/11/13 v3.35 KOMA-Script package (KOMA-Script-independent basics and keyval usage)
 (/usr/local/texlive/2022/texmf-dist/tex/latex/koma-script/scrlfile.sty
Package: scrlfile 2021/11/13 v3.35 KOMA-Script package (file load hooks)
 (/usr/local/texlive/2022/texmf-dist/tex/latex/koma-script/scrlfile-hook.sty
Package: scrlfile-hook 2021/11/13 v3.35 KOMA-Script package (using LaTeX hooks)
 (/usr/local/texlive/2022/texmf-dist/tex/latex/koma-script/scrlogo.sty
Package: scrlogo 2021/11/13 v3.35 KOMA-Script package (logo)
)))
Applying: [2021/05/01] Usage of raw or classic option list on input line 252.
Already applied: [0000/00/00] Usage of raw or classic option list on input line 368.
))) (/usr/local/texlive/2022/texmf-dist/tex/latex/subfigure/subfigure.sty
Package: subfigure 2002/03/15 v2.1.5 subfigure package
\subfigtopskip=\skip73
\subfigcapskip=\skip74
\subfigcaptopadj=\dimen163
\subfigbottomskip=\skip75
\subfigcapmargin=\dimen164
\subfiglabelskip=\skip76
\c@subfigure=\count301
\c@lofdepth=\count302
\c@subtable=\count303
\c@lotdepth=\count304

****************************************
* Local config file subfigure.cfg used *
****************************************
(/usr/local/texlive/2022/texmf-dist/tex/latex/subfigure/subfigure.cfg)
\subfig@top=\skip77
\subfig@bottom=\skip78
) (/usr/local/texlive/2022/texmf-dist/tex/latex/multirow/multirow.sty
Package: multirow 2021/03/15 v2.8 Span multiple rows of a table
\multirow@colwidth=\skip79
\multirow@cntb=\count305
\multirow@dima=\skip80
\bigstrutjot=\dimen165
)
\c@definition=\count306
 (/usr/local/texlive/2022/texmf-dist/tex/latex/hyperref/hyperref.sty
Package: hyperref 2022-02-21 v7.00n Hypertext links for LaTeX
 (/usr/local/texlive/2022/texmf-dist/tex/generic/ltxcmds/ltxcmds.sty
Package: ltxcmds 2020-05-10 v1.25 LaTeX kernel commands for general use (HO)
) (/usr/local/texlive/2022/texmf-dist/tex/generic/pdftexcmds/pdftexcmds.sty
Package: pdftexcmds 2020-06-27 v0.33 Utility functions of pdfTeX for LuaTeX (HO)
 (/usr/local/texlive/2022/texmf-dist/tex/generic/infwarerr/infwarerr.sty
Package: infwarerr 2019/12/03 v1.5 Providing info/warning/error messages (HO)
)
Package pdftexcmds Info: \pdf@primitive is available.
Package pdftexcmds Info: \pdf@ifprimitive is available.
Package pdftexcmds Info: \pdfdraftmode found.
) (/usr/local/texlive/2022/texmf-dist/tex/generic/kvsetkeys/kvsetkeys.sty
Package: kvsetkeys 2019/12/15 v1.18 Key value parser (HO)
) (/usr/local/texlive/2022/texmf-dist/tex/generic/kvdefinekeys/kvdefinekeys.sty
Package: kvdefinekeys 2019-12-19 v1.6 Define keys (HO)
) (/usr/local/texlive/2022/texmf-dist/tex/generic/pdfescape/pdfescape.sty
Package: pdfescape 2019/12/09 v1.15 Implements pdfTeX's escape features (HO)
) (/usr/local/texlive/2022/texmf-dist/tex/latex/hycolor/hycolor.sty
Package: hycolor 2020-01-27 v1.10 Color options for hyperref/bookmark (HO)
) (/usr/local/texlive/2022/texmf-dist/tex/latex/letltxmacro/letltxmacro.sty
Package: letltxmacro 2019/12/03 v1.6 Let assignment for LaTeX macros (HO)
) (/usr/local/texlive/2022/texmf-dist/tex/latex/auxhook/auxhook.sty
Package: auxhook 2019-12-17 v1.6 Hooks for auxiliary files (HO)
) (/usr/local/texlive/2022/texmf-dist/tex/latex/kvoptions/kvoptions.sty
Package: kvoptions 2020-10-07 v3.14 Key value format for package options (HO)
)
\@linkdim=\dimen166
\Hy@linkcounter=\count307
\Hy@pagecounter=\count308
 (/usr/local/texlive/2022/texmf-dist/tex/latex/hyperref/pd1enc.def
File: pd1enc.def 2022-02-21 v7.00n Hyperref: PDFDocEncoding definition (HO)
Now handling font encoding PD1 ...
... no UTF-8 mapping file for font encoding PD1
) (/usr/local/texlive/2022/texmf-dist/tex/generic/intcalc/intcalc.sty
Package: intcalc 2019/12/15 v1.3 Expandable calculations with integers (HO)
) (/usr/local/texlive/2022/texmf-dist/tex/generic/etexcmds/etexcmds.sty
Package: etexcmds 2019/12/15 v1.7 Avoid name clashes with e-TeX commands (HO)
)
\Hy@SavedSpaceFactor=\count309
 (/usr/local/texlive/2022/texmf-dist/tex/latex/hyperref/puenc.def
File: puenc.def 2022-02-21 v7.00n Hyperref: PDF Unicode definition (HO)
Now handling font encoding PU ...
... no UTF-8 mapping file for font encoding PU
)
Package hyperref Info: Option `hyperindex' set `true' on input line 4018.
Package hyperref Info: Hyper figures OFF on input line 4137.
Package hyperref Info: Link nesting OFF on input line 4142.
Package hyperref Info: Hyper index ON on input line 4145.
Package hyperref Info: Plain pages OFF on input line 4152.
Package hyperref Info: Backreferencing ON on input line 4155.
Package hyperref Info: Implicit mode ON; LaTeX internals redefined.
Package hyperref Info: Bookmarks ON on input line 4390.
 (/usr/local/texlive/2022/texmf-dist/tex/latex/hyperref/backref.sty
Package: backref 2021/02/04 v1.41 Bibliographical back referencing
 (/usr/local/texlive/2022/texmf-dist/tex/latex/rerunfilecheck/rerunfilecheck.sty
Package: rerunfilecheck 2019/12/05 v1.9 Rerun checks for auxiliary files (HO)
 (/usr/local/texlive/2022/texmf-dist/tex/latex/base/atveryend-ltx.sty
Package: atveryend-ltx 2020/08/19 v1.0a Emulation of the original atveryend package
with kernel methods
) (/usr/local/texlive/2022/texmf-dist/tex/generic/uniquecounter/uniquecounter.sty
Package: uniquecounter 2019/12/15 v1.4 Provide unlimited unique counter (HO)
 (/usr/local/texlive/2022/texmf-dist/tex/generic/bigintcalc/bigintcalc.sty
Package: bigintcalc 2019/12/15 v1.5 Expandable calculations on big integers (HO)
))
Package uniquecounter Info: New unique counter `rerunfilecheck' on input line 286.
))
\c@Hy@tempcnt=\count310
LaTeX Info: Redefining \url on input line 4749.
\XeTeXLinkMargin=\dimen167
 (/usr/local/texlive/2022/texmf-dist/tex/generic/bitset/bitset.sty
Package: bitset 2019/12/09 v1.3 Handle bit-vector datatype (HO)
)
\Fld@menulength=\count311
\Field@Width=\dimen168
\Fld@charsize=\dimen169
Package hyperref Info: Hyper figures OFF on input line 6027.
Package hyperref Info: Link nesting OFF on input line 6032.
Package hyperref Info: Hyper index ON on input line 6035.
Package hyperref Info: backreferencing ON on input line 6040.
Package hyperref Info: Link coloring OFF on input line 6047.
Package hyperref Info: Link coloring with OCG OFF on input line 6052.
Package hyperref Info: PDF/A mode OFF on input line 6057.
LaTeX Info: Redefining \ref on input line 6097.
LaTeX Info: Redefining \pageref on input line 6101.
 (/usr/local/texlive/2022/texmf-dist/tex/latex/base/atbegshi-ltx.sty
Package: atbegshi-ltx 2021/01/10 v1.0c Emulation of the original atbegshi
package with kernel methods
)
\Hy@abspage=\count312
\c@Item=\count313
\c@Hfootnote=\count314
)
Package hyperref Info: Driver (autodetected): hpdftex.
 (/usr/local/texlive/2022/texmf-dist/tex/latex/hyperref/hpdftex.def
File: hpdftex.def 2022-02-21 v7.00n Hyperref driver for pdfTeX
\Fld@listcount=\count315
\c@bookmark@seq@number=\count316
\Hy@SectionHShift=\skip81
)
Package hyperref Info: Option `bookmarksopen' set `true' on input line 215.
Package hyperref Info: Option `pdfmenubar' set `true' on input line 215.
Package hyperref Info: Option `colorlinks' set `true' on input line 215.
Package hyperref Info: Option `pdffitwindow' set `true' on input line 215.
) (/usr/local/texlive/2022/texmf-dist/tex/latex/l3backend/l3backend-pdftex.def
File: l3backend-pdftex.def 2022-02-07 L3 backend support: PDF output (pdfTeX)
\l__color_backend_stack_int=\count317
\l__pdf_internal_box=\box59
) (./Thesis.aux (./TitlePage.aux) (./DeclAuthorship.aux) (./Introduction.aux) (./StateOfTheArt.aux) (./Methods.aux) (./Experiments.aux

LaTeX Warning: Label `tab:Experiment I results' multiply defined.

) (./Conclusions.aux) (./Appendix1.aux))
\openout1 = `Thesis.aux'.

LaTeX Font Info:    Checking defaults for OML/cmm/m/it on input line 5.
LaTeX Font Info:    ... okay on input line 5.
LaTeX Font Info:    Checking defaults for OMS/cmsy/m/n on input line 5.
LaTeX Font Info:    ... okay on input line 5.
LaTeX Font Info:    Checking defaults for OT1/cmr/m/n on input line 5.
LaTeX Font Info:    ... okay on input line 5.
LaTeX Font Info:    Checking defaults for T1/cmr/m/n on input line 5.
LaTeX Font Info:    ... okay on input line 5.
LaTeX Font Info:    Checking defaults for TS1/cmr/m/n on input line 5.
LaTeX Font Info:    ... okay on input line 5.
LaTeX Font Info:    Checking defaults for OMX/cmex/m/n on input line 5.
LaTeX Font Info:    ... okay on input line 5.
LaTeX Font Info:    Checking defaults for U/cmr/m/n on input line 5.
LaTeX Font Info:    ... okay on input line 5.
LaTeX Font Info:    Checking defaults for PD1/pdf/m/n on input line 5.
LaTeX Font Info:    ... okay on input line 5.
LaTeX Font Info:    Checking defaults for PU/pdf/m/n on input line 5.
LaTeX Font Info:    ... okay on input line 5.
LaTeX Info: Redefining \celsius on input line 5.
Package gensymb Info: Faking symbols for \degree and \celsius on input line 5.


Package gensymb Warning: Not defining \perthousand.

LaTeX Info: Redefining \ohm on input line 5.
Package gensymb Info: Using \Omega for \ohm on input line 5.

Package gensymb Warning: Not defining \micro.

*geometry* driver: auto-detecting
*geometry* detected driver: pdftex
*geometry* verbose mode - [ preamble ] result:
* driver: pdftex
* paper: a4paper
* layout: <same size as paper>
* layoutoffset:(h,v)=(0.0pt,0.0pt)
* modes: includehead includefoot twoside 
* h-part:(L,W,R)=(108.405pt, 395.15166pt, 93.95122pt)
* v-part:(T,H,B)=(79.49744pt, 686.05197pt, 79.49744pt)
* \paperwidth=597.50787pt
* \paperheight=845.04684pt
* \textwidth=395.15166pt
* \textheight=625.11522pt
* \oddsidemargin=36.13501pt
* \evensidemargin=21.68123pt
* \topmargin=7.22745pt
* \headheight=13.6pt
* \headsep=19.8738pt
* \topskip=11.0pt
* \footskip=27.46295pt
* \marginparwidth=106.0pt
* \marginparsep=7.0pt
* \columnsep=10.0pt
* \skip\footins=10.0pt plus 4.0pt minus 2.0pt
* \hoffset=0.0pt
* \voffset=0.0pt
* \mag=1000
* \@twocolumnfalse
* \@twosidetrue
* \@mparswitchtrue
* \@reversemarginfalse
* (1in=72.27pt=25.4mm, 1cm=28.453pt)

(/usr/local/texlive/2022/texmf-dist/tex/context/base/mkii/supp-pdf.mkii
[Loading MPS to PDF converter (version 2006.09.02).]
\scratchcounter=\count318
\scratchdimen=\dimen170
\scratchbox=\box60
\nofMPsegments=\count319
\nofMParguments=\count320
\everyMPshowfont=\toks41
\MPscratchCnt=\count321
\MPscratchDim=\dimen171
\MPnumerator=\count322
\makeMPintoPDFobject=\count323
\everyMPtoPDFconversion=\toks42
) (/usr/local/texlive/2022/texmf-dist/tex/latex/epstopdf-pkg/epstopdf-base.sty
Package: epstopdf-base 2020-01-24 v2.11 Base part for package epstopdf
Package epstopdf-base Info: Redefining graphics rule for `.eps' on input line 485.
 (/usr/local/texlive/2022/texmf-dist/tex/latex/latexconfig/epstopdf-sys.cfg
File: epstopdf-sys.cfg 2010/07/13 v1.3 Configuration of (r)epstopdf for TeX Live
))
\c@minilofdepth=\count324
\c@minilotdepth=\count325
\c@partlofdepth=\count326
\c@partlotdepth=\count327
\c@sectlofdepth=\count328
\c@sectlotdepth=\count329
Package minitoc(hints) Info: I0049
(minitoc(hints))             ==> You requested the hints option. 
(minitoc(hints))             Some hints are eventually given below.
Package minitoc(hints) Info: I0046
(minitoc(hints))             --- The tocbibind package is loaded. 
(minitoc(hints))             See the minitoc package documentation 
(minitoc(hints))             for specific precautions.
Package hyperref Info: Link coloring ON on input line 5.
 (/usr/local/texlive/2022/texmf-dist/tex/latex/hyperref/nameref.sty
Package: nameref 2021-04-02 v2.47 Cross-referencing by name of section
 (/usr/local/texlive/2022/texmf-dist/tex/latex/refcount/refcount.sty
Package: refcount 2019/12/15 v3.6 Data extraction from label references (HO)
) (/usr/local/texlive/2022/texmf-dist/tex/generic/gettitlestring/gettitlestring.sty
Package: gettitlestring 2019/12/15 v1.6 Cleanup title references (HO)
)
\c@section@level=\count330
)
LaTeX Info: Redefining \ref on input line 5.
LaTeX Info: Redefining \pageref on input line 5.
LaTeX Info: Redefining \nameref on input line 5.
 (./Thesis.out) (./Thesis.out)
\@outlinefile=\write4
\openout4 = `Thesis.out'.

\openout2 = `TitlePage.aux'.

 (./TitlePage.tex
LaTeX Font Info:    Trying to load font information for U+msa on input line 33.
 (/usr/local/texlive/2022/texmf-dist/tex/latex/amsfonts/umsa.fd
File: umsa.fd 2013/01/14 v3.01 AMS symbols A
)
LaTeX Font Info:    Trying to load font information for U+msb on input line 33.
 (/usr/local/texlive/2022/texmf-dist/tex/latex/amsfonts/umsb.fd
File: umsb.fd 2013/01/14 v3.01 AMS symbols B
) [1



{/usr/local/texlive/2022/texmf-var/fonts/map/pdftex/updmap/pdftex.map}] [2

])
\openout2 = `DeclAuthorship.aux'.

 (./DeclAuthorship.tex
Underfull \hbox (badness 10000) in paragraph at lines 4--15

 []


Underfull \hbox (badness 1057) in paragraph at lines 4--15
\T1/cmr/m/n/12 Hiermit erk-läre ich, dass ich die vor-liegende Ar-beit selb-st-ständig und
 []


pdfTeX warning (ext4): destination with the same identifier (name{page.1}) has been already used, duplicate ignored
<to be read again> 
                   \relax 
l.18 \end{titlepage}
                     [1




]
pdfTeX warning (ext4): destination with the same identifier (name{page.2}) has been already used, duplicate ignored
<to be read again> 
                   \relax 
l.21 \titlepage
                [2

])
Package minitoc Info: I0024
(minitoc)             PREPARING MINITOCS FROM Thesis.toc on input line 11.
Package minitoc Info: I0033
(minitoc)             Writing Thesis.mtc1.
\openout3 = `Thesis.mtc1'.

Package minitoc Info: I0033
(minitoc)             Writing Thesis.mtc2.
\openout3 = `Thesis.mtc2'.

Package minitoc Info: I0033
(minitoc)             Writing Thesis.mtc3.
\openout3 = `Thesis.mtc3'.

Package minitoc Info: I0033
(minitoc)             Writing Thesis.mtc4.
\openout3 = `Thesis.mtc4'.

Package minitoc Info: I0033
(minitoc)             Writing Thesis.mtc5.
\openout3 = `Thesis.mtc5'.

Package minitoc Info: I0033
(minitoc)             Writing Thesis.mtc6.
\openout3 = `Thesis.mtc6'.

Package minitoc Info: I0033
(minitoc)             Writing Thesis.mtc7.
\openout3 = `Thesis.mtc7'.

 [1



] [2

] (./Thesis.toc [3

])
\tf@toc=\write5
\openout5 = `Thesis.toc'.

 [4]
\openout2 = `Introduction.aux'.

 (./Introduction.tex
Chapter 1.
\openout3 = `Thesis.mtc'.

\openout3 = `Thesis.mtc'.

(./Thesis.mtc1)
pdfTeX warning (ext4): destination with the same identifier (name{page.1}) has been already used, duplicate ignored
<to be read again> 
                   \relax 
l.31 
      [1



])
pdfTeX warning (ext4): destination with the same identifier (name{page.2}) has been already used, duplicate ignored
<to be read again> 
                   \relax 
l.42 \include{Introduction}
                            [2]
\openout2 = `StateOfTheArt.aux'.

 (./StateOfTheArt.tex
Chapter 2.
\openout3 = `Thesis.mtc'.

\openout3 = `Thesis.mtc'.

(./Thesis.mtc2)) [3




]
\openout2 = `Methods.aux'.

 (./Methods.tex [4




]
Chapter 3.
<images//Methods/Horizontal-axis-wind-turbine.png, id=261, 717.68124pt x 851.18pt>
File: images//Methods/Horizontal-axis-wind-turbine.png Graphic file (type png)
<use images//Methods/Horizontal-axis-wind-turbine.png>
Package pdftex.def Info: images//Methods/Horizontal-axis-wind-turbine.png  used on input line 23.
(pdftex.def)             Requested size: 215.30603pt x 255.35596pt.

Underfull \vbox (badness 10000) has occurred while \output is active []

 [5] [6 <./images//Methods/Horizontal-axis-wind-turbine.png>] [7]
<images//Methods/NBM.png, id=293, 1128.215pt x 443.6575pt>
File: images//Methods/NBM.png Graphic file (type png)
<use images//Methods/NBM.png>
Package pdftex.def Info: images//Methods/NBM.png  used on input line 98.
(pdftex.def)             Requested size: 394.88116pt x 155.28244pt.
 [8

 <./images//Methods/NBM.png>]
<images//Methods/Linear_regression.png, id=309, 296.307pt x 209.583pt>
File: images//Methods/Linear_regression.png Graphic file (type png)
<use images//Methods/Linear_regression.png>
Package pdftex.def Info: images//Methods/Linear_regression.png  used on input line 131.
(pdftex.def)             Requested size: 207.41348pt x 146.70708pt.
 [9 <./images//Methods/Linear_regression.png>]
<images//Methods/Perceptron.png, id=333, 453.695pt x 224.84pt>
File: images//Methods/Perceptron.png Graphic file (type png)
<use images//Methods/Perceptron.png>
Package pdftex.def Info: images//Methods/Perceptron.png  used on input line 168.
(pdftex.def)             Requested size: 181.47478pt x 89.9344pt.

Underfull \vbox (badness 2401) has occurred while \output is active []

 [10]
<images//Methods/MLP_cropped.png, id=352, 605.26125pt x 569.12625pt>
File: images//Methods/MLP_cropped.png Graphic file (type png)
<use images//Methods/MLP_cropped.png>
Package pdftex.def Info: images//Methods/MLP_cropped.png  used on input line 187.
(pdftex.def)             Requested size: 242.1002pt x 227.64647pt.

Underfull \vbox (badness 10000) has occurred while \output is active []

 [11 <./images//Methods/Perceptron.png>]
Underfull \hbox (badness 10000) in paragraph at lines 195--209

 []

[12 <./images//Methods/MLP_cropped.png>]
Underfull \vbox (badness 10000) has occurred while \output is active []

 [13] [14]
<images//Methods/Vent_Signals.png, id=395, 607.7907pt x 446.6286pt>
File: images//Methods/Vent_Signals.png Graphic file (type png)
<use images//Methods/Vent_Signals.png>
Package pdftex.def Info: images//Methods/Vent_Signals.png  used on input line 283.
(pdftex.def)             Requested size: 303.8946pt x 223.31375pt.
 [15

]
<images//Methods/Log_Merge.png, id=403, 1049.9225pt x 347.2975pt>
File: images//Methods/Log_Merge.png Graphic file (type png)
<use images//Methods/Log_Merge.png>
Package pdftex.def Info: images//Methods/Log_Merge.png  used on input line 305.
(pdftex.def)             Requested size: 394.77733pt x 130.58598pt.

Underfull \hbox (badness 10000) in paragraph at lines 313--319

 []


Underfull \vbox (badness 10000) has occurred while \output is active []

 [16 <./images//Methods/Vent_Signals.png>] [17 <./images//Methods/Log_Merge.png>]
<images//Methods/Logparser.png, id=428, 1131.22626pt x 243.91125pt>
File: images//Methods/Logparser.png Graphic file (type png)
<use images//Methods/Logparser.png>
Package pdftex.def Info: images//Methods/Logparser.png  used on input line 338.
(pdftex.def)             Requested size: 394.79588pt x 85.12457pt.
 [18 <./images//Methods/Logparser.png>]
<images//Methods/power_curve.png, id=441, 844.8363pt x 435.0654pt>
File: images//Methods/power_curve.png Graphic file (type png)
<use images//Methods/power_curve.png>
Package pdftex.def Info: images//Methods/power_curve.png  used on input line 368.
(pdftex.def)             Requested size: 380.17282pt x 195.7776pt.
 [19 <./images//Methods/power_curve.png>]) [20

]
\openout2 = `Experiments.aux'.

 (./Experiments.tex
Chapter 4.
\openout3 = `Thesis.mtc'.

\openout3 = `Thesis.mtc'.

(./Thesis.mtc4) [21




]
Underfull \hbox (badness 3068) in paragraph at lines 29--29
[]|\T1/cmr/bx/n/10.95 Measure for lin-ear
 []


Underfull \hbox (badness 7379) in paragraph at lines 29--30
[]|\T1/cmr/bx/n/10.95 Measure for feed-
 []


Underfull \hbox (badness 4328) in paragraph at lines 35--35
[]|\T1/cmr/m/n/10.95 Number of anoma-lies
 []

[22]
Underfull \hbox (badness 2846) in paragraph at lines 59--60
\T1/cmr/m/n/10.95 con-tain the key-words "Gen" and "Temp": 'Gen_Bear_Temp_Avg',
 []


Underfull \hbox (badness 10000) in paragraph at lines 59--60
\T1/cmr/m/n/10.95 'Gen_Phase1_Temp_Avg', 'Gen_Phase2_Temp_Avg',
 []


Underfull \hbox (badness 10000) in paragraph at lines 59--60
\T1/cmr/m/n/10.95 'Gen_Phase3_Temp_Avg', 'Gen_SlipRing_Temp_Avg',
 []


Underfull \hbox (badness 3068) in paragraph at lines 69--69
[]|\T1/cmr/bx/n/10.95 Measure for lin-ear
 []


Underfull \hbox (badness 7379) in paragraph at lines 69--70
[]|\T1/cmr/bx/n/10.95 Measure for feed-
 []


Underfull \hbox (badness 4328) in paragraph at lines 75--75
[]|\T1/cmr/m/n/10.95 Number of anoma-lies
 []


Underfull \vbox (badness 1968) has occurred while \output is active []



Package fancyhdr Warning: \headheight is too small (13.6pt): 
(fancyhdr)                Make it at least 25.23671pt, for example:
(fancyhdr)                \setlength{\headheight}{25.23671pt}.
(fancyhdr)                You might also make \topmargin smaller to compensate:
(fancyhdr)                \addtolength{\topmargin}{-11.6367pt}.

[23]) [24]
\openout2 = `Conclusions.aux'.

 (./Conclusions.tex
Chapter 5.
) [25




]
\openout2 = `Appendix1.aux'.

 (./Appendix1.tex [26




]
Appendix A.
) [27] (./Thesis.bbl (./Thesis.brf)
\tf@brf=\write6
\openout6 = `Thesis.brf'.

 [28



]
LaTeX Font Info:    Trying to load font information for T1+cmtt on input line 44.
 (/usr/local/texlive/2022/texmf-dist/tex/latex/base/t1cmtt.fd
File: t1cmtt.fd 2019/12/16 v2.5j Standard LaTeX font definitions
)
Underfull \hbox (badness 1509) in paragraph at lines 52--52
\T1/cmr/m/it/10.95 tics\T1/cmr/m/n/10.95 .  [][]$\T1/cmtt/m/n/10.95 https : / / ec . europa . eu / eurostat / statistics-[]explained / index .
 []


Underfull \hbox (badness 10000) in paragraph at lines 60--60
[]\T1/cmr/m/n/10.95 European Com-mis-sion.  \T1/cmr/m/it/10.95 Re-new-able
 []


Underfull \hbox (badness 10000) in paragraph at lines 60--60
\T1/cmr/m/it/10.95 en-ergy tar-gets\T1/cmr/m/n/10.95 .  [][]$\T1/cmtt/m/n/10.95 https : / / energy . ec . europa . eu / topics /
 []


Underfull \hbox (badness 10000) in paragraph at lines 60--60
\T1/cmtt/m/n/10.95 renewable-[]energy / renewable-[]energy-[]directive-[]targets-[]and-[]rules /
 []

[29] [30])
Package minitoc Info: I0009
(minitoc)             Listing minitoc auxiliary files. 
(minitoc)             Creating the Thesis.maf file.
\openout3 = `Thesis.maf'.

Package minitoc(hints) Info: I0053
(minitoc(hints))             You have loaded the float package; 
(minitoc(hints))             please be aware that the minitoc package 
(minitoc(hints))             facilities can not be used for new types 
(minitoc(hints))             of floats defined by the float package.
 [31] (./Thesis.aux (./TitlePage.aux) (./DeclAuthorship.aux) (./Introduction.aux) (./StateOfTheArt.aux) (./Methods.aux) (./Experiments.aux) (./Conclusions.aux) (./Appendix1.aux))

LaTeX Warning: There were multiply-defined labels.

Package rerunfilecheck Info: File `Thesis.out' has not changed.
(rerunfilecheck)             Checksum: 30167AA62BC343AC3A922ACEF7ED60F6;6699.
Package rerunfilecheck Info: File `Thesis.brf' has not changed.
(rerunfilecheck)             Checksum: 60538C90BBF482CDFEA5610C046FFD52;2159.
 ) 
Here is how much of TeX's memory you used:
 16818 strings out of 478268
 269869 string characters out of 5846348
 611072 words of memory out of 5000000
 34341 multiletter control sequences out of 15000+600000
 489020 words of font info for 77 fonts, out of 8000000 for 9000
 1141 hyphenation exceptions out of 8191
 115i,13n,111p,738b,542s stack positions out of 10000i,1000n,20000p,200000b,200000s
{/usr/local/texlive/2022/texmf-dist/fonts/enc/dvips/cm-super/cm-super-t1.enc}{/usr/local/texlive/2022/texmf-dist/fonts/enc/dvips/cm-super/cm-super-ts1.enc}</usr/local/texlive/2022/texmf-dist/fonts/type1/public/amsfonts/cm/cmex10.pfb></usr/local/texlive/2022/texmf-dist/fonts/type1/public/amsfonts/cm/cmmi10.pfb></usr/local/texlive/2022/texmf-dist/fonts/type1/public/amsfonts/cm/cmmi8.pfb></usr/local/texlive/2022/texmf-dist/fonts/type1/public/amsfonts/cm/cmr10.pfb></usr/local/texlive/2022/texmf-dist/fonts/type1/public/amsfonts/cm/cmr8.pfb></usr/local/texlive/2022/texmf-dist/fonts/type1/public/amsfonts/cm/cmsy10.pfb></usr/local/texlive/2022/texmf-dist/fonts/type1/public/amsfonts/cm/cmsy8.pfb></usr/local/texlive/2022/texmf-dist/fonts/type1/public/cm-super/sfbx1000.pfb></usr/local/texlive/2022/texmf-dist/fonts/type1/public/cm-super/sfbx1095.pfb></usr/local/texlive/2022/texmf-dist/fonts/type1/public/cm-super/sfbx1200.pfb></usr/local/texlive/2022/texmf-dist/fonts/type1/public/cm-super/sfbx1440.pfb></usr/local/texlive/2022/texmf-dist/fonts/type1/public/cm-super/sfbx2488.pfb></usr/local/texlive/2022/texmf-dist/fonts/type1/public/cm-super/sfcc1200.pfb></usr/local/texlive/2022/texmf-dist/fonts/type1/public/cm-super/sfcc1440.pfb></usr/local/texlive/2022/texmf-dist/fonts/type1/public/cm-super/sfrm0800.pfb></usr/local/texlive/2022/texmf-dist/fonts/type1/public/cm-super/sfrm1000.pfb></usr/local/texlive/2022/texmf-dist/fonts/type1/public/cm-super/sfrm1095.pfb></usr/local/texlive/2022/texmf-dist/fonts/type1/public/cm-super/sfrm1200.pfb></usr/local/texlive/2022/texmf-dist/fonts/type1/public/cm-super/sfti1095.pfb></usr/local/texlive/2022/texmf-dist/fonts/type1/public/cm-super/sftt1095.pfb></usr/local/texlive/2022/texmf-dist/fonts/type1/public/cm-super/sfxc1200.pfb>
Output written on Thesis.pdf (39 pages, 983990 bytes).
PDF statistics:
 693 PDF objects out of 1000 (max. 8388607)
 584 compressed objects within 6 object streams
 127 named destinations out of 1000 (max. 500000)
 334 words of extra memory for PDF output out of 10000 (max. 10000000)

